mode: set
github.com/btcsuite/btcd/btcec/precompute.go:23.33,26.18 2 1
github.com/btcsuite/btcd/btcec/precompute.go:32.2,34.16 3 1
github.com/btcsuite/btcd/btcec/precompute.go:37.2,38.16 2 1
github.com/btcsuite/btcd/btcec/precompute.go:43.2,45.44 3 1
github.com/btcsuite/btcd/btcec/precompute.go:65.2,66.12 2 1
github.com/btcsuite/btcd/btcec/precompute.go:26.18,28.3 1 0
github.com/btcsuite/btcd/btcec/precompute.go:34.16,36.3 1 0
github.com/btcsuite/btcd/btcec/precompute.go:38.16,40.3 1 0
github.com/btcsuite/btcd/btcec/precompute.go:45.44,47.28 1 1
github.com/btcsuite/btcd/btcec/precompute.go:47.28,51.28 4 1
github.com/btcsuite/btcd/btcec/precompute.go:55.4,55.28 1 1
github.com/btcsuite/btcd/btcec/precompute.go:59.4,59.28 1 1
github.com/btcsuite/btcd/btcec/precompute.go:51.28,54.5 2 1
github.com/btcsuite/btcd/btcec/precompute.go:55.28,58.5 2 1
github.com/btcsuite/btcd/btcec/precompute.go:59.28,62.5 2 1
github.com/btcsuite/btcd/btcec/privkey.go:22.14,35.2 3 1
github.com/btcsuite/btcd/btcec/privkey.go:39.63,41.16 2 1
github.com/btcsuite/btcd/btcec/privkey.go:44.2,44.32 1 1
github.com/btcsuite/btcd/btcec/privkey.go:41.16,43.3 1 0
github.com/btcsuite/btcd/btcec/privkey.go:48.42,50.2 1 1
github.com/btcsuite/btcd/btcec/privkey.go:53.50,55.2 1 1
github.com/btcsuite/btcd/btcec/privkey.go:61.60,63.2 1 1
github.com/btcsuite/btcd/btcec/privkey.go:70.41,73.2 2 1
github.com/btcsuite/btcd/btcec/btcec.go:69.59,71.2 1 1
github.com/btcsuite/btcd/btcec/btcec.go:75.83,81.2 4 1
github.com/btcsuite/btcd/btcec/btcec.go:85.93,106.2 12 1
github.com/btcsuite/btcd/btcec/btcec.go:111.58,119.2 4 1
github.com/btcsuite/btcd/btcec/btcec.go:126.90,147.19 5 1
github.com/btcsuite/btcd/btcec/btcec.go:166.2,184.16 17 1
github.com/btcsuite/btcd/btcec/btcec.go:147.19,148.20 1 1
github.com/btcsuite/btcd/btcec/btcec.go:158.3,161.9 4 1
github.com/btcsuite/btcd/btcec/btcec.go:148.20,154.4 2 1
github.com/btcsuite/btcd/btcec/btcec.go:192.84,214.19 5 1
github.com/btcsuite/btcd/btcec/btcec.go:233.2,252.16 18 1
github.com/btcsuite/btcd/btcec/btcec.go:214.19,215.20 1 1
github.com/btcsuite/btcd/btcec/btcec.go:225.3,228.9 4 1
github.com/btcsuite/btcd/btcec/btcec.go:215.20,221.4 2 1
github.com/btcsuite/btcd/btcec/btcec.go:261.85,289.20 7 1
github.com/btcsuite/btcd/btcec/btcec.go:308.2,330.16 21 1
github.com/btcsuite/btcd/btcec/btcec.go:289.20,290.21 1 1
github.com/btcsuite/btcd/btcec/btcec.go:300.3,303.9 4 1
github.com/btcsuite/btcd/btcec/btcec.go:290.21,296.4 2 1
github.com/btcsuite/btcd/btcec/btcec.go:337.85,365.20 8 1
github.com/btcsuite/btcd/btcec/btcec.go:384.2,405.16 20 1
github.com/btcsuite/btcd/btcec/btcec.go:365.20,366.21 1 1
github.com/btcsuite/btcd/btcec/btcec.go:376.3,379.9 4 1
github.com/btcsuite/btcd/btcec/btcec.go:366.21,372.4 2 1
github.com/btcsuite/btcd/btcec/btcec.go:410.86,413.49 1 1
github.com/btcsuite/btcd/btcec/btcec.go:419.2,419.49 1 1
github.com/btcsuite/btcd/btcec/btcec.go:431.2,435.9 5 1
github.com/btcsuite/btcd/btcec/btcec.go:449.2,449.54 1 1
github.com/btcsuite/btcd/btcec/btcec.go:413.49,418.3 4 1
github.com/btcsuite/btcd/btcec/btcec.go:419.49,424.3 4 1
github.com/btcsuite/btcd/btcec/btcec.go:436.26,438.9 2 1
github.com/btcsuite/btcd/btcec/btcec.go:439.21,441.9 2 1
github.com/btcsuite/btcd/btcec/btcec.go:442.15,444.9 2 1
github.com/btcsuite/btcd/btcec/btcec.go:454.78,457.38 1 1
github.com/btcsuite/btcd/btcec/btcec.go:460.2,460.38 1 1
github.com/btcsuite/btcd/btcec/btcec.go:466.2,474.54 6 1
github.com/btcsuite/btcd/btcec/btcec.go:457.38,459.3 1 1
github.com/btcsuite/btcd/btcec/btcec.go:460.38,462.3 1 1
github.com/btcsuite/btcd/btcec/btcec.go:482.76,526.2 18 1
github.com/btcsuite/btcd/btcec/btcec.go:532.76,575.2 18 1
github.com/btcsuite/btcd/btcec/btcec.go:579.77,581.32 1 1
github.com/btcsuite/btcd/btcec/btcec.go:592.2,592.37 1 1
github.com/btcsuite/btcd/btcec/btcec.go:599.2,599.45 1 1
github.com/btcsuite/btcd/btcec/btcec.go:581.32,586.3 4 1
github.com/btcsuite/btcd/btcec/btcec.go:592.37,595.3 2 1
github.com/btcsuite/btcd/btcec/btcec.go:603.73,604.20 1 1
github.com/btcsuite/btcd/btcec/btcec.go:610.2,617.54 5 1
github.com/btcsuite/btcd/btcec/btcec.go:604.20,606.3 1 1
github.com/btcsuite/btcd/btcec/btcec.go:628.72,661.2 17 1
github.com/btcsuite/btcd/btcec/btcec.go:666.58,669.29 1 1
github.com/btcsuite/btcd/btcec/btcec.go:676.2,676.10 1 1
github.com/btcsuite/btcd/btcec/btcec.go:669.29,674.3 3 1
github.com/btcsuite/btcd/btcec/btcec.go:686.37,701.35 4 1
github.com/btcsuite/btcd/btcec/btcec.go:749.2,749.11 1 1
github.com/btcsuite/btcd/btcec/btcec.go:753.2,753.31 1 1
github.com/btcsuite/btcd/btcec/btcec.go:701.35,703.32 2 1
github.com/btcsuite/btcd/btcec/btcec.go:703.32,705.14 2 1
github.com/btcsuite/btcd/btcec/btcec.go:714.4,714.13 1 1
github.com/btcsuite/btcd/btcec/btcec.go:746.4,746.17 1 1
github.com/btcsuite/btcd/btcec/btcec.go:705.14,706.15 1 1
github.com/btcsuite/btcd/btcec/btcec.go:706.15,708.6 1 1
github.com/btcsuite/btcd/btcec/btcec.go:708.11,710.6 1 1
github.com/btcsuite/btcd/btcec/btcec.go:711.10,713.5 1 1
github.com/btcsuite/btcd/btcec/btcec.go:714.13,715.17 1 1
github.com/btcsuite/btcd/btcec/btcec.go:715.18,718.6 0 1
github.com/btcsuite/btcd/btcec/btcec.go:718.11,721.19 1 1
github.com/btcsuite/btcd/btcec/btcec.go:721.19,726.7 1 1
github.com/btcsuite/btcd/btcec/btcec.go:726.12,731.7 2 1
github.com/btcsuite/btcd/btcec/btcec.go:733.10,733.23 1 1
github.com/btcsuite/btcd/btcec/btcec.go:733.23,734.18 1 1
github.com/btcsuite/btcd/btcec/btcec.go:734.18,740.6 2 1
github.com/btcsuite/btcd/btcec/btcec.go:740.11,744.6 1 1
github.com/btcsuite/btcd/btcec/btcec.go:749.11,752.3 2 1
github.com/btcsuite/btcd/btcec/btcec.go:758.87,787.18 10 1
github.com/btcsuite/btcd/btcec/btcec.go:790.2,790.18 1 1
github.com/btcsuite/btcd/btcec/btcec.go:798.2,804.15 6 1
github.com/btcsuite/btcd/btcec/btcec.go:812.2,813.25 2 1
github.com/btcsuite/btcd/btcec/btcec.go:857.2,857.51 1 1
github.com/btcsuite/btcd/btcec/btcec.go:787.18,789.3 1 1
github.com/btcsuite/btcd/btcec/btcec.go:790.18,792.3 1 1
github.com/btcsuite/btcd/btcec/btcec.go:804.15,806.3 1 1
github.com/btcsuite/btcd/btcec/btcec.go:813.25,815.18 1 1
github.com/btcsuite/btcd/btcec/btcec.go:822.3,822.18 1 1
github.com/btcsuite/btcd/btcec/btcec.go:830.3,830.27 1 1
github.com/btcsuite/btcd/btcec/btcec.go:815.18,818.4 2 1
github.com/btcsuite/btcd/btcec/btcec.go:818.9,821.4 2 1
github.com/btcsuite/btcd/btcec/btcec.go:822.18,825.4 2 1
github.com/btcsuite/btcd/btcec/btcec.go:825.9,828.4 2 1
github.com/btcsuite/btcd/btcec/btcec.go:830.27,834.30 2 1
github.com/btcsuite/btcd/btcec/btcec.go:842.4,842.30 1 1
github.com/btcsuite/btcd/btcec/btcec.go:849.4,852.19 4 1
github.com/btcsuite/btcd/btcec/btcec.go:834.30,837.5 1 1
github.com/btcsuite/btcd/btcec/btcec.go:837.10,837.37 1 1
github.com/btcsuite/btcd/btcec/btcec.go:837.37,840.5 1 1
github.com/btcsuite/btcd/btcec/btcec.go:842.30,845.5 1 1
github.com/btcsuite/btcd/btcec/btcec.go:845.10,845.37 1 1
github.com/btcsuite/btcd/btcec/btcec.go:845.37,848.5 1 1
github.com/btcsuite/btcd/btcec/btcec.go:863.74,875.31 4 1
github.com/btcsuite/btcd/btcec/btcec.go:879.2,879.51 1 1
github.com/btcsuite/btcd/btcec/btcec.go:875.31,878.3 2 1
github.com/btcsuite/btcd/btcec/btcec.go:884.50,886.2 1 1
github.com/btcsuite/btcd/btcec/btcec.go:891.16,893.2 1 1
github.com/btcsuite/btcd/btcec/btcec.go:899.33,901.9 2 1
github.com/btcsuite/btcd/btcec/btcec.go:904.2,904.10 1 1
github.com/btcsuite/btcd/btcec/btcec.go:901.9,902.44 1 0
github.com/btcsuite/btcd/btcec/btcec.go:907.17,927.45 12 1
github.com/btcsuite/btcd/btcec/btcec.go:937.2,942.60 6 1
github.com/btcsuite/btcd/btcec/btcec.go:927.45,928.13 1 0
github.com/btcsuite/btcd/btcec/btcec.go:955.27,958.2 2 1
github.com/btcsuite/btcd/btcec/ciphering.go:46.74,49.2 2 1
github.com/btcsuite/btcd/btcec/ciphering.go:70.60,72.16 2 1
github.com/btcsuite/btcd/btcec/ciphering.go:75.2,84.55 8 1
github.com/btcsuite/btcd/btcec/ciphering.go:88.2,106.16 12 1
github.com/btcsuite/btcd/btcec/ciphering.go:109.2,117.17 6 1
github.com/btcsuite/btcd/btcec/ciphering.go:72.16,74.3 1 0
github.com/btcsuite/btcd/btcec/ciphering.go:84.55,86.3 1 0
github.com/btcsuite/btcd/btcec/ciphering.go:106.16,108.3 1 0
github.com/btcsuite/btcd/btcec/ciphering.go:121.59,123.58 1 1
github.com/btcsuite/btcd/btcec/ciphering.go:128.2,132.58 3 1
github.com/btcsuite/btcd/btcec/ciphering.go:135.2,137.59 2 1
github.com/btcsuite/btcd/btcec/ciphering.go:140.2,145.59 4 1
github.com/btcsuite/btcd/btcec/ciphering.go:148.2,159.16 9 1
github.com/btcsuite/btcd/btcec/ciphering.go:164.2,164.67 1 1
github.com/btcsuite/btcd/btcec/ciphering.go:169.2,181.42 9 1
github.com/btcsuite/btcd/btcec/ciphering.go:186.2,187.16 2 1
github.com/btcsuite/btcd/btcec/ciphering.go:190.2,195.37 4 1
github.com/btcsuite/btcd/btcec/ciphering.go:123.58,125.3 1 1
github.com/btcsuite/btcd/btcec/ciphering.go:132.58,134.3 1 1
github.com/btcsuite/btcd/btcec/ciphering.go:137.59,139.3 1 1
github.com/btcsuite/btcd/btcec/ciphering.go:145.59,147.3 1 1
github.com/btcsuite/btcd/btcec/ciphering.go:159.16,161.3 1 1
github.com/btcsuite/btcd/btcec/ciphering.go:164.67,166.3 1 1
github.com/btcsuite/btcd/btcec/ciphering.go:181.42,183.3 1 1
github.com/btcsuite/btcd/btcec/ciphering.go:187.16,189.3 1 0
github.com/btcsuite/btcd/btcec/ciphering.go:201.40,205.2 3 1
github.com/btcsuite/btcd/btcec/ciphering.go:208.52,211.57 3 1
github.com/btcsuite/btcd/btcec/ciphering.go:215.2,215.36 1 1
github.com/btcsuite/btcd/btcec/ciphering.go:211.57,213.3 1 1
github.com/btcsuite/btcd/btcec/field.go:140.35,143.2 2 1
github.com/btcsuite/btcd/btcec/field.go:148.27,159.2 10 1
github.com/btcsuite/btcd/btcec/field.go:166.49,169.2 2 1
github.com/btcsuite/btcd/btcec/field.go:177.46,181.2 3 1
github.com/btcsuite/btcd/btcec/field.go:188.52,213.2 11 1
github.com/btcsuite/btcd/btcec/field.go:222.53,224.30 2 1
github.com/btcsuite/btcd/btcec/field.go:229.2,229.25 1 1
github.com/btcsuite/btcd/btcec/field.go:224.30,225.13 1 1
github.com/btcsuite/btcd/btcec/field.go:225.13,227.4 1 1
github.com/btcsuite/btcd/btcec/field.go:237.55,238.27 1 1
github.com/btcsuite/btcd/btcec/field.go:241.2,242.30 2 1
github.com/btcsuite/btcd/btcec/field.go:238.27,240.3 1 1
github.com/btcsuite/btcd/btcec/field.go:248.42,314.24 24 1
github.com/btcsuite/btcd/btcec/field.go:319.2,319.43 1 1
github.com/btcsuite/btcd/btcec/field.go:324.2,324.53 1 1
github.com/btcsuite/btcd/btcec/field.go:329.2,329.27 1 1
github.com/btcsuite/btcd/btcec/field.go:334.2,366.10 31 1
github.com/btcsuite/btcd/btcec/field.go:314.24,316.3 1 1
github.com/btcsuite/btcd/btcec/field.go:316.8,318.3 1 1
github.com/btcsuite/btcd/btcec/field.go:319.43,321.3 1 1
github.com/btcsuite/btcd/btcec/field.go:321.8,323.3 1 1
github.com/btcsuite/btcd/btcec/field.go:324.53,326.3 1 1
github.com/btcsuite/btcd/btcec/field.go:326.8,328.3 1 1
github.com/btcsuite/btcd/btcec/field.go:329.27,331.3 1 1
github.com/btcsuite/btcd/btcec/field.go:331.8,333.3 1 1
github.com/btcsuite/btcd/btcec/field.go:377.42,414.2 32 1
github.com/btcsuite/btcd/btcec/field.go:423.38,427.2 3 1
github.com/btcsuite/btcd/btcec/field.go:430.34,437.2 2 1
github.com/btcsuite/btcd/btcec/field.go:443.33,446.2 1 1
github.com/btcsuite/btcd/btcec/field.go:451.47,461.2 2 1
github.com/btcsuite/btcd/btcec/field.go:468.73,499.2 11 1
github.com/btcsuite/btcd/btcec/field.go:506.55,508.2 1 1
github.com/btcsuite/btcd/btcec/field.go:516.46,523.2 2 1
github.com/btcsuite/btcd/btcec/field.go:530.49,547.2 11 1
github.com/btcsuite/btcd/btcec/field.go:553.66,570.2 11 1
github.com/btcsuite/btcd/btcec/field.go:579.47,599.2 12 1
github.com/btcsuite/btcd/btcec/field.go:609.49,611.2 1 1
github.com/btcsuite/btcd/btcec/field.go:621.66,881.2 73 1
github.com/btcsuite/btcd/btcec/field.go:890.39,892.2 1 1
github.com/btcsuite/btcd/btcec/field.go:901.55,1114.2 73 1
github.com/btcsuite/btcd/btcec/field.go:1121.40,1223.2 88 1
github.com/btcsuite/btcd/btcec/pubkey.go:21.29,23.2 1 1
github.com/btcsuite/btcd/btcec/pubkey.go:27.84,43.22 6 1
github.com/btcsuite/btcd/btcec/pubkey.go:48.2,50.21 3 1
github.com/btcsuite/btcd/btcec/pubkey.go:55.2,55.22 1 1
github.com/btcsuite/btcd/btcec/pubkey.go:59.2,59.15 1 1
github.com/btcsuite/btcd/btcec/pubkey.go:43.22,45.3 1 1
github.com/btcsuite/btcd/btcec/pubkey.go:50.21,52.3 1 1
github.com/btcsuite/btcd/btcec/pubkey.go:55.22,57.3 1 0
github.com/btcsuite/btcd/btcec/pubkey.go:70.45,75.2 1 1
github.com/btcsuite/btcd/btcec/pubkey.go:80.85,84.25 3 1
github.com/btcsuite/btcd/btcec/pubkey.go:88.2,92.24 4 1
github.com/btcsuite/btcd/btcec/pubkey.go:123.2,123.48 1 1
github.com/btcsuite/btcd/btcec/pubkey.go:126.2,126.48 1 1
github.com/btcsuite/btcd/btcec/pubkey.go:129.2,129.49 1 1
github.com/btcsuite/btcd/btcec/pubkey.go:132.2,132.21 1 1
github.com/btcsuite/btcd/btcec/pubkey.go:84.25,86.3 1 0
github.com/btcsuite/btcd/btcec/pubkey.go:93.34,94.61 1 1
github.com/btcsuite/btcd/btcec/pubkey.go:99.3,102.56 3 1
github.com/btcsuite/btcd/btcec/pubkey.go:105.32,109.33 1 1
github.com/btcsuite/btcd/btcec/pubkey.go:113.3,115.17 3 1
github.com/btcsuite/btcd/btcec/pubkey.go:118.10,120.19 1 1
github.com/btcsuite/btcd/btcec/pubkey.go:94.61,97.4 1 1
github.com/btcsuite/btcd/btcec/pubkey.go:102.56,104.4 1 1
github.com/btcsuite/btcd/btcec/pubkey.go:109.33,112.4 1 1
github.com/btcsuite/btcd/btcec/pubkey.go:115.17,117.4 1 0
github.com/btcsuite/btcd/btcec/pubkey.go:123.48,125.3 1 1
github.com/btcsuite/btcd/btcec/pubkey.go:126.48,128.3 1 1
github.com/btcsuite/btcd/btcec/pubkey.go:129.49,131.3 1 1
github.com/btcsuite/btcd/btcec/pubkey.go:140.48,142.2 1 1
github.com/btcsuite/btcd/btcec/pubkey.go:146.52,151.2 4 1
github.com/btcsuite/btcd/btcec/pubkey.go:154.50,157.16 3 1
github.com/btcsuite/btcd/btcec/pubkey.go:160.2,161.41 2 1
github.com/btcsuite/btcd/btcec/pubkey.go:157.16,159.3 1 1
github.com/btcsuite/btcd/btcec/pubkey.go:165.46,168.16 3 1
github.com/btcsuite/btcd/btcec/pubkey.go:171.2,173.41 3 1
github.com/btcsuite/btcd/btcec/pubkey.go:168.16,170.3 1 1
github.com/btcsuite/btcd/btcec/pubkey.go:179.58,182.2 1 1
github.com/btcsuite/btcd/btcec/pubkey.go:187.54,188.42 1 1
github.com/btcsuite/btcd/btcec/pubkey.go:191.2,191.28 1 1
github.com/btcsuite/btcd/btcec/pubkey.go:188.42,190.3 1 1
github.com/btcsuite/btcd/btcec/signature.go:47.42,50.37 2 1
github.com/btcsuite/btcd/btcec/signature.go:55.2,71.10 13 1
github.com/btcsuite/btcd/btcec/signature.go:50.37,52.3 1 1
github.com/btcsuite/btcd/btcec/signature.go:76.67,78.2 1 1
github.com/btcsuite/btcd/btcec/signature.go:83.57,86.2 1 1
github.com/btcsuite/btcd/btcec/signature.go:93.82,106.29 2 1
github.com/btcsuite/btcd/btcec/signature.go:110.2,111.27 2 1
github.com/btcsuite/btcd/btcec/signature.go:114.2,121.62 4 1
github.com/btcsuite/btcd/btcec/signature.go:125.2,128.27 2 1
github.com/btcsuite/btcd/btcec/signature.go:132.2,139.45 4 1
github.com/btcsuite/btcd/btcec/signature.go:144.2,145.9 2 1
github.com/btcsuite/btcd/btcec/signature.go:153.2,156.27 3 1
github.com/btcsuite/btcd/btcec/signature.go:159.2,165.43 4 1
github.com/btcsuite/btcd/btcec/signature.go:170.2,171.9 2 1
github.com/btcsuite/btcd/btcec/signature.go:179.2,183.26 3 1
github.com/btcsuite/btcd/btcec/signature.go:192.2,192.29 1 1
github.com/btcsuite/btcd/btcec/signature.go:195.2,195.29 1 1
github.com/btcsuite/btcd/btcec/signature.go:198.2,198.44 1 1
github.com/btcsuite/btcd/btcec/signature.go:201.2,201.44 1 1
github.com/btcsuite/btcd/btcec/signature.go:205.2,205.23 1 1
github.com/btcsuite/btcd/btcec/signature.go:106.29,108.3 1 1
github.com/btcsuite/btcd/btcec/signature.go:111.27,113.3 1 1
github.com/btcsuite/btcd/btcec/signature.go:121.62,123.3 1 1
github.com/btcsuite/btcd/btcec/signature.go:128.27,131.3 1 1
github.com/btcsuite/btcd/btcec/signature.go:139.45,141.3 1 1
github.com/btcsuite/btcd/btcec/signature.go:145.9,146.47 1 1
github.com/btcsuite/btcd/btcec/signature.go:147.25,148.53 1 1
github.com/btcsuite/btcd/btcec/signature.go:149.34,150.63 1 1
github.com/btcsuite/btcd/btcec/signature.go:156.27,158.3 1 1
github.com/btcsuite/btcd/btcec/signature.go:165.43,167.3 1 1
github.com/btcsuite/btcd/btcec/signature.go:171.9,172.47 1 1
github.com/btcsuite/btcd/btcec/signature.go:173.25,174.53 1 1
github.com/btcsuite/btcd/btcec/signature.go:175.34,176.63 1 1
github.com/btcsuite/btcd/btcec/signature.go:183.26,186.3 1 1
github.com/btcsuite/btcd/btcec/signature.go:192.29,194.3 1 1
github.com/btcsuite/btcd/btcec/signature.go:195.29,197.3 1 1
github.com/btcsuite/btcd/btcec/signature.go:198.44,200.3 1 1
github.com/btcsuite/btcd/btcec/signature.go:201.44,203.3 1 1
github.com/btcsuite/btcd/btcec/signature.go:211.78,213.2 1 1
github.com/btcsuite/btcd/btcec/signature.go:218.81,220.2 1 1
github.com/btcsuite/btcd/btcec/signature.go:228.43,230.17 2 1
github.com/btcsuite/btcd/btcec/signature.go:233.2,233.20 1 1
github.com/btcsuite/btcd/btcec/signature.go:238.2,238.10 1 1
github.com/btcsuite/btcd/btcec/signature.go:230.17,232.3 1 1
github.com/btcsuite/btcd/btcec/signature.go:233.20,237.3 3 1
github.com/btcsuite/btcd/btcec/signature.go:245.39,246.9 1 1
github.com/btcsuite/btcd/btcec/signature.go:247.25,248.26 1 1
github.com/btcsuite/btcd/btcec/signature.go:249.55,250.35 1 1
github.com/btcsuite/btcd/btcec/signature.go:251.10,252.13 1 1
github.com/btcsuite/btcd/btcec/signature.go:263.56,266.28 3 1
github.com/btcsuite/btcd/btcec/signature.go:270.2,272.16 3 1
github.com/btcsuite/btcd/btcec/signature.go:275.2,275.12 1 1
github.com/btcsuite/btcd/btcec/signature.go:266.28,268.3 1 0
github.com/btcsuite/btcd/btcec/signature.go:272.16,274.3 1 0
github.com/btcsuite/btcd/btcec/signature.go:286.47,291.36 3 1
github.com/btcsuite/btcd/btcec/signature.go:298.2,299.16 2 1
github.com/btcsuite/btcd/btcec/signature.go:304.2,304.14 1 1
github.com/btcsuite/btcd/btcec/signature.go:313.2,341.8 12 1
github.com/btcsuite/btcd/btcec/signature.go:291.36,293.3 1 0
github.com/btcsuite/btcd/btcec/signature.go:299.16,301.3 1 1
github.com/btcsuite/btcd/btcec/signature.go:304.14,306.41 2 1
github.com/btcsuite/btcd/btcec/signature.go:306.41,308.4 1 0
github.com/btcsuite/btcd/btcec/signature.go:352.53,354.16 2 1
github.com/btcsuite/btcd/btcec/signature.go:361.2,361.37 1 1
github.com/btcsuite/btcd/btcec/signature.go:391.2,391.62 1 0
github.com/btcsuite/btcd/btcec/signature.go:354.16,356.3 1 0
github.com/btcsuite/btcd/btcec/signature.go:361.37,363.65 2 1
github.com/btcsuite/btcd/btcec/signature.go:363.65,366.23 3 1
github.com/btcsuite/btcd/btcec/signature.go:370.4,374.26 3 1
github.com/btcsuite/btcd/btcec/signature.go:378.4,381.26 3 1
github.com/btcsuite/btcd/btcec/signature.go:385.4,387.22 2 1
github.com/btcsuite/btcd/btcec/signature.go:366.23,368.5 1 1
github.com/btcsuite/btcd/btcec/signature.go:374.26,377.5 1 1
github.com/btcsuite/btcd/btcec/signature.go:381.26,384.5 1 1
github.com/btcsuite/btcd/btcec/signature.go:399.41,401.34 2 1
github.com/btcsuite/btcd/btcec/signature.go:405.2,414.16 4 1
github.com/btcsuite/btcd/btcec/signature.go:418.2,418.49 1 1
github.com/btcsuite/btcd/btcec/signature.go:401.34,403.3 1 0
github.com/btcsuite/btcd/btcec/signature.go:414.16,416.3 1 1
github.com/btcsuite/btcd/btcec/signature.go:422.75,430.19 7 1
github.com/btcsuite/btcd/btcec/signature.go:434.2,434.19 1 1
github.com/btcsuite/btcd/btcec/signature.go:438.2,444.27 6 1
github.com/btcsuite/btcd/btcec/signature.go:447.2,447.19 1 1
github.com/btcsuite/btcd/btcec/signature.go:450.2,450.36 1 1
github.com/btcsuite/btcd/btcec/signature.go:430.19,432.3 1 0
github.com/btcsuite/btcd/btcec/signature.go:434.19,436.3 1 0
github.com/btcsuite/btcd/btcec/signature.go:444.27,446.3 1 1
github.com/btcsuite/btcd/btcec/signature.go:447.19,449.3 1 0
github.com/btcsuite/btcd/btcec/signature.go:455.59,486.6 15 1
github.com/btcsuite/btcd/btcec/signature.go:486.6,491.23 2 1
github.com/btcsuite/btcd/btcec/signature.go:497.3,498.48 2 1
github.com/btcsuite/btcd/btcec/signature.go:501.3,502.21 2 0
github.com/btcsuite/btcd/btcec/signature.go:491.23,494.4 2 1
github.com/btcsuite/btcd/btcec/signature.go:498.48,500.4 1 1
github.com/btcsuite/btcd/btcec/signature.go:507.52,511.2 3 1
github.com/btcsuite/btcd/btcec/signature.go:514.47,518.22 2 1
github.com/btcsuite/btcd/btcec/signature.go:525.2,525.22 1 1
github.com/btcsuite/btcd/btcec/signature.go:531.2,531.12 1 1
github.com/btcsuite/btcd/btcec/signature.go:518.22,522.3 3 1
github.com/btcsuite/btcd/btcec/signature.go:525.22,529.3 3 0
github.com/btcsuite/btcd/btcec/signature.go:535.69,538.19 3 1
github.com/btcsuite/btcd/btcec/signature.go:541.2,541.30 1 0
github.com/btcsuite/btcd/btcec/signature.go:538.19,540.3 1 1
